20:19:40.508 [ApplicationImpl pooled thread 286] INFO  c.b.l.BrowserStackRunExtension - junit
20:19:40.508 [ApplicationImpl pooled thread 286] INFO  com.browserstack.utils.Helpers - null
20:19:40.509 [ApplicationImpl pooled thread 286] INFO  c.b.l.BrowserStackRunExtension - Agent path: null
20:21:25.802 [AWT-EventQueue-0] INFO  c.b.actions.DisableBrowserStack - Setting disable browserstack run update
20:21:25.806 [AWT-EventQueue-0] INFO  c.b.actions.EnableBrowserStack - Setting enable browserstack run update
20:22:05.963 [AWT-EventQueue-0] INFO  c.b.actions.DisableBrowserStack - Setting disable browserstack run update
20:22:05.967 [AWT-EventQueue-0] INFO  c.b.actions.EnableBrowserStack - Setting enable browserstack run update
20:23:00.360 [AWT-EventQueue-0] INFO  c.b.launchers.LaunchMavenCommand - Integrate source: junit4:appium-intellij:v1.1.6
20:23:00.360 [AWT-EventQueue-0] INFO  c.b.launchers.LaunchMavenCommand - Executing maven archetype command - browserstack-sdk-archetype-integrate
20:23:00.382 [ApplicationImpl pooled thread 293] INFO  c.b.l.BrowserStackRunExtension - maven
20:23:00.382 [ApplicationImpl pooled thread 293] INFO  com.browserstack.utils.Helpers - null
20:23:10.314 [java] INFO  c.b.launchers.LaunchMavenCommand - Completed maven archetype command
20:23:19.990 [ApplicationImpl pooled thread 295] INFO  c.b.l.BrowserStackRunExtension - junit
20:23:19.990 [ApplicationImpl pooled thread 295] INFO  com.browserstack.utils.Helpers - true
20:23:19.990 [ApplicationImpl pooled thread 295] INFO  com.browserstack.utils.Helpers - /Users/italocabral/.m2/repository/com/browserstack/browserstack-java-sdk/1.30.7/browserstack-java-sdk-1.30.7.jar
20:23:19.990 [ApplicationImpl pooled thread 295] INFO  c.b.l.BrowserStackRunExtension - Agent path: /Users/italocabral/.m2/repository/com/browserstack/browserstack-java-sdk/1.30.7/browserstack-java-sdk-1.30.7.jar
20:23:19.990 [ApplicationImpl pooled thread 295] INFO  c.b.l.BrowserStackRunExtension - Adding Browserstack SDK javaagent argline
20:23:19.991 [ApplicationImpl pooled thread 295] INFO  c.b.l.BrowserStackRunExtension - Plugin version: v1.1.6
20:24:10.375 [AWT-EventQueue-0] INFO  c.b.actions.DisableBrowserStack - Setting disable browserstack run update
20:24:10.376 [AWT-EventQueue-0] INFO  com.browserstack.utils.Helpers - /Users/italocabral/.m2/repository/com/browserstack/browserstack-java-sdk/1.30.7/browserstack-java-sdk-1.30.7.jar
20:24:10.376 [AWT-EventQueue-0] INFO  com.browserstack.utils.Helpers - true
20:24:10.384 [AWT-EventQueue-0] INFO  c.b.actions.EnableBrowserStack - Setting enable browserstack run update
20:24:10.384 [AWT-EventQueue-0] INFO  com.browserstack.utils.Helpers - /Users/italocabral/.m2/repository/com/browserstack/browserstack-java-sdk/1.30.7/browserstack-java-sdk-1.30.7.jar
20:24:10.384 [AWT-EventQueue-0] INFO  com.browserstack.utils.Helpers - true
20:24:14.328 [AWT-EventQueue-0] INFO  c.b.actions.DisableBrowserStack - Disabling BrowserStack Run
20:24:14.328 [AWT-EventQueue-0] INFO  com.browserstack.utils.Helpers - setting browserstack enabled to false
20:24:21.942 [ApplicationImpl pooled thread 295] INFO  c.b.l.BrowserStackRunExtension - junit
20:24:21.942 [ApplicationImpl pooled thread 295] INFO  com.browserstack.utils.Helpers - false
20:25:15.170 [ApplicationImpl pooled thread 299] INFO  c.b.l.BrowserStackRunExtension - junit
20:25:15.170 [ApplicationImpl pooled thread 299] INFO  com.browserstack.utils.Helpers - false
20:27:00.657 [AWT-EventQueue-0] INFO  c.b.actions.DisableBrowserStack - Setting disable browserstack run update
20:27:00.657 [AWT-EventQueue-0] INFO  com.browserstack.utils.Helpers - /Users/italocabral/.m2/repository/com/browserstack/browserstack-java-sdk/1.30.7/browserstack-java-sdk-1.30.7.jar
20:27:00.657 [AWT-EventQueue-0] INFO  com.browserstack.utils.Helpers - false
20:27:00.661 [AWT-EventQueue-0] INFO  c.b.actions.EnableBrowserStack - Setting enable browserstack run update
20:27:00.661 [AWT-EventQueue-0] INFO  com.browserstack.utils.Helpers - /Users/italocabral/.m2/repository/com/browserstack/browserstack-java-sdk/1.30.7/browserstack-java-sdk-1.30.7.jar
20:27:00.661 [AWT-EventQueue-0] INFO  com.browserstack.utils.Helpers - false
20:27:39.189 [AWT-EventQueue-0] INFO  c.b.launchers.LaunchMavenCommand - Integrate source: junit4:appium-intellij:v1.1.6
20:27:39.190 [AWT-EventQueue-0] INFO  c.b.launchers.LaunchMavenCommand - Executing maven archetype command - browserstack-sdk-archetype-integrate
20:27:39.207 [ApplicationImpl pooled thread 299] INFO  c.b.l.BrowserStackRunExtension - maven
20:27:39.207 [ApplicationImpl pooled thread 299] INFO  com.browserstack.utils.Helpers - false
20:27:44.562 [java] INFO  c.b.launchers.LaunchMavenCommand - Completed maven archetype command
20:29:00.053 [ApplicationImpl pooled thread 299] INFO  c.b.l.BrowserStackRunExtension - maven
20:29:00.054 [ApplicationImpl pooled thread 299] INFO  com.browserstack.utils.Helpers - true
20:29:09.866 [ApplicationImpl pooled thread 303] INFO  c.b.l.BrowserStackRunExtension - maven
20:29:09.866 [ApplicationImpl pooled thread 303] INFO  com.browserstack.utils.Helpers - true
20:37:45.690 [AWT-EventQueue-0] INFO  c.b.actions.DisableBrowserStack - Setting disable browserstack run update
20:37:45.691 [AWT-EventQueue-0] INFO  com.browserstack.utils.Helpers - /Users/italocabral/.m2/repository/com/browserstack/browserstack-java-sdk/1.30.7/browserstack-java-sdk-1.30.7.jar
20:37:45.691 [AWT-EventQueue-0] INFO  com.browserstack.utils.Helpers - true
20:37:45.694 [AWT-EventQueue-0] INFO  c.b.actions.EnableBrowserStack - Setting enable browserstack run update
20:37:45.694 [AWT-EventQueue-0] INFO  com.browserstack.utils.Helpers - /Users/italocabral/.m2/repository/com/browserstack/browserstack-java-sdk/1.30.7/browserstack-java-sdk-1.30.7.jar
20:37:45.694 [AWT-EventQueue-0] INFO  com.browserstack.utils.Helpers - true
20:40:13.009 [ApplicationImpl pooled thread 299] INFO  c.b.l.BrowserStackRunExtension - junit
20:40:13.009 [ApplicationImpl pooled thread 299] INFO  com.browserstack.utils.Helpers - true
20:40:13.009 [ApplicationImpl pooled thread 299] INFO  com.browserstack.utils.Helpers - /Users/italocabral/.m2/repository/com/browserstack/browserstack-java-sdk/1.30.7/browserstack-java-sdk-1.30.7.jar
20:40:13.009 [ApplicationImpl pooled thread 299] INFO  c.b.l.BrowserStackRunExtension - Agent path: /Users/italocabral/.m2/repository/com/browserstack/browserstack-java-sdk/1.30.7/browserstack-java-sdk-1.30.7.jar
20:40:13.009 [ApplicationImpl pooled thread 299] INFO  c.b.l.BrowserStackRunExtension - Adding Browserstack SDK javaagent argline
20:40:13.009 [ApplicationImpl pooled thread 299] INFO  c.b.l.BrowserStackRunExtension - Plugin version: v1.1.6
20:41:34.841 [ApplicationImpl pooled thread 313] INFO  c.b.l.BrowserStackRunExtension - junit
20:41:34.841 [ApplicationImpl pooled thread 313] INFO  com.browserstack.utils.Helpers - true
20:41:34.841 [ApplicationImpl pooled thread 313] INFO  com.browserstack.utils.Helpers - /Users/italocabral/.m2/repository/com/browserstack/browserstack-java-sdk/1.30.7/browserstack-java-sdk-1.30.7.jar
20:41:34.841 [ApplicationImpl pooled thread 313] INFO  c.b.l.BrowserStackRunExtension - Agent path: /Users/italocabral/.m2/repository/com/browserstack/browserstack-java-sdk/1.30.7/browserstack-java-sdk-1.30.7.jar
20:41:34.841 [ApplicationImpl pooled thread 313] INFO  c.b.l.BrowserStackRunExtension - Adding Browserstack SDK javaagent argline
20:41:34.841 [ApplicationImpl pooled thread 313] INFO  c.b.l.BrowserStackRunExtension - Plugin version: v1.1.6
20:43:15.162 [ApplicationImpl pooled thread 315] INFO  c.b.l.BrowserStackRunExtension - junit
20:43:15.162 [ApplicationImpl pooled thread 315] INFO  com.browserstack.utils.Helpers - true
20:43:15.162 [ApplicationImpl pooled thread 315] INFO  com.browserstack.utils.Helpers - /Users/italocabral/.m2/repository/com/browserstack/browserstack-java-sdk/1.30.7/browserstack-java-sdk-1.30.7.jar
20:43:15.162 [ApplicationImpl pooled thread 315] INFO  c.b.l.BrowserStackRunExtension - Agent path: /Users/italocabral/.m2/repository/com/browserstack/browserstack-java-sdk/1.30.7/browserstack-java-sdk-1.30.7.jar
20:43:15.162 [ApplicationImpl pooled thread 315] INFO  c.b.l.BrowserStackRunExtension - Adding Browserstack SDK javaagent argline
20:43:15.162 [ApplicationImpl pooled thread 315] INFO  c.b.l.BrowserStackRunExtension - Plugin version: v1.1.6
20:45:15.128 [AWT-EventQueue-0] INFO  c.b.actions.DisableBrowserStack - Setting disable browserstack run update
20:45:15.128 [AWT-EventQueue-0] INFO  com.browserstack.utils.Helpers - /Users/italocabral/.m2/repository/com/browserstack/browserstack-java-sdk/1.30.7/browserstack-java-sdk-1.30.7.jar
20:45:15.128 [AWT-EventQueue-0] INFO  com.browserstack.utils.Helpers - true
20:45:15.132 [AWT-EventQueue-0] INFO  c.b.actions.EnableBrowserStack - Setting enable browserstack run update
20:45:15.133 [AWT-EventQueue-0] INFO  com.browserstack.utils.Helpers - /Users/italocabral/.m2/repository/com/browserstack/browserstack-java-sdk/1.30.7/browserstack-java-sdk-1.30.7.jar
20:45:15.133 [AWT-EventQueue-0] INFO  com.browserstack.utils.Helpers - true
20:45:15.896 [AWT-EventQueue-0] INFO  c.b.actions.DisableBrowserStack - Disabling BrowserStack Run
20:45:15.896 [AWT-EventQueue-0] INFO  com.browserstack.utils.Helpers - setting browserstack enabled to false
20:45:21.974 [AWT-EventQueue-0] INFO  c.b.actions.DisableBrowserStack - Setting disable browserstack run update
20:45:21.974 [AWT-EventQueue-0] INFO  com.browserstack.utils.Helpers - /Users/italocabral/.m2/repository/com/browserstack/browserstack-java-sdk/1.30.7/browserstack-java-sdk-1.30.7.jar
20:45:21.974 [AWT-EventQueue-0] INFO  com.browserstack.utils.Helpers - false
20:45:21.976 [AWT-EventQueue-0] INFO  c.b.actions.EnableBrowserStack - Setting enable browserstack run update
20:45:21.976 [AWT-EventQueue-0] INFO  com.browserstack.utils.Helpers - /Users/italocabral/.m2/repository/com/browserstack/browserstack-java-sdk/1.30.7/browserstack-java-sdk-1.30.7.jar
20:45:21.976 [AWT-EventQueue-0] INFO  com.browserstack.utils.Helpers - false
20:45:23.268 [AWT-EventQueue-0] INFO  c.b.actions.EnableBrowserStack - Enabling BrowserStack Run
20:45:23.268 [AWT-EventQueue-0] INFO  com.browserstack.utils.Helpers - setting browserstack enabled to true
20:48:47.078 [ApplicationImpl pooled thread 299] INFO  c.b.l.BrowserStackRunExtension - junit
20:48:47.078 [ApplicationImpl pooled thread 299] INFO  com.browserstack.utils.Helpers - true
20:48:47.078 [ApplicationImpl pooled thread 299] INFO  com.browserstack.utils.Helpers - /Users/italocabral/.m2/repository/com/browserstack/browserstack-java-sdk/1.30.7/browserstack-java-sdk-1.30.7.jar
20:48:47.078 [ApplicationImpl pooled thread 299] INFO  c.b.l.BrowserStackRunExtension - Agent path: /Users/italocabral/.m2/repository/com/browserstack/browserstack-java-sdk/1.30.7/browserstack-java-sdk-1.30.7.jar
20:48:47.078 [ApplicationImpl pooled thread 299] INFO  c.b.l.BrowserStackRunExtension - Adding Browserstack SDK javaagent argline
20:48:47.078 [ApplicationImpl pooled thread 299] INFO  c.b.l.BrowserStackRunExtension - Plugin version: v1.1.6
20:49:51.810 [ApplicationImpl pooled thread 326] INFO  c.b.l.BrowserStackRunExtension - junit
20:49:51.810 [ApplicationImpl pooled thread 326] INFO  com.browserstack.utils.Helpers - true
20:49:51.810 [ApplicationImpl pooled thread 326] INFO  com.browserstack.utils.Helpers - /Users/italocabral/.m2/repository/com/browserstack/browserstack-java-sdk/1.30.7/browserstack-java-sdk-1.30.7.jar
20:49:51.810 [ApplicationImpl pooled thread 326] INFO  c.b.l.BrowserStackRunExtension - Agent path: /Users/italocabral/.m2/repository/com/browserstack/browserstack-java-sdk/1.30.7/browserstack-java-sdk-1.30.7.jar
20:49:51.810 [ApplicationImpl pooled thread 326] INFO  c.b.l.BrowserStackRunExtension - Adding Browserstack SDK javaagent argline
20:49:51.811 [ApplicationImpl pooled thread 326] INFO  c.b.l.BrowserStackRunExtension - Plugin version: v1.1.6
20:51:55.697 [AWT-EventQueue-0] INFO  c.b.actions.DisableBrowserStack - Setting disable browserstack run update
20:51:55.699 [AWT-EventQueue-0] INFO  com.browserstack.utils.Helpers - /Users/italocabral/.m2/repository/com/browserstack/browserstack-java-sdk/1.30.7/browserstack-java-sdk-1.30.7.jar
20:51:55.699 [AWT-EventQueue-0] INFO  com.browserstack.utils.Helpers - true
20:51:55.705 [AWT-EventQueue-0] INFO  c.b.actions.EnableBrowserStack - Setting enable browserstack run update
20:51:55.705 [AWT-EventQueue-0] INFO  com.browserstack.utils.Helpers - /Users/italocabral/.m2/repository/com/browserstack/browserstack-java-sdk/1.30.7/browserstack-java-sdk-1.30.7.jar
20:51:55.705 [AWT-EventQueue-0] INFO  com.browserstack.utils.Helpers - true
20:52:00.977 [AWT-EventQueue-0] INFO  c.b.actions.DisableBrowserStack - Setting disable browserstack run update
20:52:00.978 [AWT-EventQueue-0] INFO  com.browserstack.utils.Helpers - /Users/italocabral/.m2/repository/com/browserstack/browserstack-java-sdk/1.30.7/browserstack-java-sdk-1.30.7.jar
20:52:00.978 [AWT-EventQueue-0] INFO  com.browserstack.utils.Helpers - true
20:52:00.983 [AWT-EventQueue-0] INFO  c.b.actions.EnableBrowserStack - Setting enable browserstack run update
20:52:00.984 [AWT-EventQueue-0] INFO  com.browserstack.utils.Helpers - /Users/italocabral/.m2/repository/com/browserstack/browserstack-java-sdk/1.30.7/browserstack-java-sdk-1.30.7.jar
20:52:00.984 [AWT-EventQueue-0] INFO  com.browserstack.utils.Helpers - true
20:52:02.120 [AWT-EventQueue-0] INFO  c.b.actions.DisableBrowserStack - Disabling BrowserStack Run
20:52:02.120 [AWT-EventQueue-0] INFO  com.browserstack.utils.Helpers - setting browserstack enabled to false
20:53:17.361 [ApplicationImpl pooled thread 326] INFO  c.b.l.BrowserStackRunExtension - junit
20:53:17.361 [ApplicationImpl pooled thread 326] INFO  com.browserstack.utils.Helpers - false
20:58:05.207 [ApplicationImpl pooled thread 326] INFO  c.b.l.BrowserStackRunExtension - maven
20:58:05.207 [ApplicationImpl pooled thread 326] INFO  com.browserstack.utils.Helpers - false
21:00:08.069 [ApplicationImpl pooled thread 333] INFO  c.b.l.BrowserStackRunExtension - junit
21:00:08.069 [ApplicationImpl pooled thread 333] INFO  com.browserstack.utils.Helpers - false
21:00:38.292 [ApplicationImpl pooled thread 333] INFO  c.b.l.BrowserStackRunExtension - maven
21:00:38.295 [ApplicationImpl pooled thread 333] INFO  com.browserstack.utils.Helpers - false
21:01:32.670 [ApplicationImpl pooled thread 333] INFO  c.b.l.BrowserStackRunExtension - maven
21:01:32.671 [ApplicationImpl pooled thread 333] INFO  com.browserstack.utils.Helpers - false
